<?xml version="1.0" encoding="UTF-8"?>
<!-- Generated by org.testng.reporters.JUnitXMLReporter -->
<testsuite hostname="DESKTOP-KF4Q4EC" ignored="0" name="Default test" tests="3" failures="0" timestamp="29 Mar 2020 05:16:24 GMT" time="37.708" errors="0">
  <testcase name="f3" time="12.376" classname="com.csg.tau.demo.Demo_Frames"/>
  <testcase name="f3" time="12.417" classname="com.csg.tau.demo.Demo_Frames"/>
  <testcase name="f3" time="12.839" classname="com.csg.tau.demo.Demo_Frames"/>
</testsuite> <!-- Default test -->
