<?xml version="1.0" encoding="UTF-8"?>
<!-- Generated by org.testng.reporters.JUnitXMLReporter -->
<testsuite hostname="DESKTOP-KF4Q4EC" ignored="0" name="Sanity Test" tests="1" failures="1" timestamp="28 Mar 2020 05:09:58 GMT" time="10.904" errors="0">
  <testcase name="f3" time="10.854" classname="com.csg.tau.demo.Demo_Frames">
    <failure type="java.lang.IllegalArgumentException" message="Key Down / Up events only make sense for modifier keys.">
      <![CDATA[java.lang.IllegalArgumentException: Key Down / Up events only make sense for modifier keys.
	at org.openqa.selenium.interactions.internal.SingleKeyAction.<init>(SingleKeyAction.java:49)
	at org.openqa.selenium.interactions.internal.SingleKeyAction.<init>(SingleKeyAction.java:37)
	at org.openqa.selenium.interactions.KeyDownAction.<init>(KeyDownAction.java:40)
	at org.openqa.selenium.interactions.Actions.keyDown(Actions.java:115)
	at com.csg.tau.demo.Demo_Frames.f3(Demo_Frames.java:29)
	at java.util.concurrent.ThreadPoolExecutor.runWorker(Unknown Source)
	at java.util.concurrent.ThreadPoolExecutor$Worker.run(Unknown Source)
	at java.lang.Thread.run(Unknown Source)
... Removed 10 stack frames]]>
    </failure>
  </testcase> <!-- f3 -->
</testsuite> <!-- Sanity Test -->
