<?xml version="1.0" encoding="UTF-8"?>
<testng-results skipped="0" failed="0" ignored="0" total="3" passed="3">
  <reporter-output>
    <line>
      <![CDATA[Test Case execution started]]>
    </line>
    <line>
      <![CDATA[Test Case execution Success]]>
    </line>
    <line>
      <![CDATA[Test Case execution started]]>
    </line>
    <line>
      <![CDATA[Test Case execution Success]]>
    </line>
    <line>
      <![CDATA[Test Case execution started]]>
    </line>
    <line>
      <![CDATA[Test Case execution Success]]>
    </line>
  </reporter-output>
  <suite name="Default suite" duration-ms="37708" started-at="2020-03-29T05:15:47Z" finished-at="2020-03-29T05:16:24Z">
    <groups>
    </groups>
    <test name="Default test" duration-ms="37708" started-at="2020-03-29T05:15:47Z" finished-at="2020-03-29T05:16:24Z">
      <class name="com.csg.tau.demo.Demo_Frames">
        <test-method status="PASS" signature="f3(java.lang.String, java.lang.String)[pri:0, instance:com.csg.tau.demo.Demo_Frames@5b0abc94]" name="f3" duration-ms="12376" started-at="2020-03-29T10:45:47Z" data-provider="testData" finished-at="2020-03-29T10:45:59Z">
          <params>
            <param index="0">
              <value>
                <![CDATA[http://the-internet.herokuapp.com/iframe]]>
              </value>
            </param>
            <param index="1">
              <value>
                <![CDATA[Iframe test1]]>
              </value>
            </param>
          </params>
          <reporter-output>
            <line>
              <![CDATA[Test Case execution started]]>
            </line>
            <line>
              <![CDATA[Test Case execution Success]]>
            </line>
          </reporter-output>
        </test-method> <!-- f3 -->
        <test-method status="PASS" signature="f3(java.lang.String, java.lang.String)[pri:0, instance:com.csg.tau.demo.Demo_Frames@5b0abc94]" name="f3" duration-ms="12417" started-at="2020-03-29T10:45:59Z" data-provider="testData" finished-at="2020-03-29T10:46:12Z">
          <params>
            <param index="0">
              <value>
                <![CDATA[http://the-internet.herokuapp.com/iframe]]>
              </value>
            </param>
            <param index="1">
              <value>
                <![CDATA[Iframe test2]]>
              </value>
            </param>
          </params>
          <reporter-output>
            <line>
              <![CDATA[Test Case execution started]]>
            </line>
            <line>
              <![CDATA[Test Case execution Success]]>
            </line>
          </reporter-output>
        </test-method> <!-- f3 -->
        <test-method status="PASS" signature="f3(java.lang.String, java.lang.String)[pri:0, instance:com.csg.tau.demo.Demo_Frames@5b0abc94]" name="f3" duration-ms="12839" started-at="2020-03-29T10:46:12Z" data-provider="testData" finished-at="2020-03-29T10:46:24Z">
          <params>
            <param index="0">
              <value>
                <![CDATA[http://the-internet.herokuapp.com/iframe]]>
              </value>
            </param>
            <param index="1">
              <value>
                <![CDATA[Iframe test3]]>
              </value>
            </param>
          </params>
          <reporter-output>
            <line>
              <![CDATA[Test Case execution started]]>
            </line>
            <line>
              <![CDATA[Test Case execution Success]]>
            </line>
          </reporter-output>
        </test-method> <!-- f3 -->
      </class> <!-- com.csg.tau.demo.Demo_Frames -->
    </test> <!-- Default test -->
  </suite> <!-- Default suite -->
</testng-results>
